<?xml version="1.0" encoding="UTF-8"?>
<!-- Generated by org.testng.reporters.JUnitReportReporter -->
<testsuite hostname="DESKTOP-H24QD0D" failures="0" tests="3" name="com.Cognizant.TestScenarios.LoginCognizant" time="40.858" errors="0" timestamp="2022-06-03T10:17:51 IST" skipped="0">
  <testcase classname="com.Cognizant.TestScenarios.LoginCognizant" name="setUserIdTest" time="6.187"/>
  <system-out/>
  <testcase classname="com.Cognizant.TestScenarios.LoginCognizant" name="setPasswordTest" time="4.835"/>
  <system-out/>
  <testcase classname="com.Cognizant.TestScenarios.LoginCognizant" name="approvalTest" time="29.836"/>
  <system-out/>
</testsuite> <!-- com.Cognizant.TestScenarios.LoginCognizant -->
