<?xml version="1.0" encoding="UTF-8"?>
<!-- Generated by org.testng.reporters.JUnitReportReporter -->
<testsuite hostname="DESKTOP-H24QD0D" failures="0" tests="4" name="com.Cognizant.TestScenarios.CognizantAppsAndTools" time="5.954" errors="0" timestamp="2022-06-03T10:17:51 IST" skipped="0">
  <testcase classname="com.Cognizant.TestScenarios.CognizantAppsAndTools" name="setWindowTest" time="0.219"/>
  <system-out/>
  <testcase classname="com.Cognizant.TestScenarios.CognizantAppsAndTools" name="captureScreenTest" time="2.437"/>
  <system-out/>
  <testcase classname="com.Cognizant.TestScenarios.CognizantAppsAndTools" name="getAppsAndToolsTest" time="0.831"/>
  <system-out/>
  <testcase classname="com.Cognizant.TestScenarios.CognizantAppsAndTools" name="captureAppsAndToolsTest" time="2.467"/>
  <system-out/>
</testsuite> <!-- com.Cognizant.TestScenarios.CognizantAppsAndTools -->
