<?xml version="1.0" encoding="UTF-8"?>
<!-- Generated by org.testng.reporters.JUnitReportReporter -->
<testsuite hostname="DESKTOP-H24QD0D" failures="0" tests="6" name="com.Cognizant.TestScenarios.CognizantStockPriceDetails" time="16.352" errors="0" timestamp="2022-06-03T10:17:51 IST" skipped="0">
  <testcase classname="com.Cognizant.TestScenarios.CognizantStockPriceDetails" name="getUserInfoTest" time="0.231"/>
  <system-out/>
  <testcase classname="com.Cognizant.TestScenarios.CognizantStockPriceDetails" name="captureScreenTest" time="3.062"/>
  <system-out/>
  <testcase classname="com.Cognizant.TestScenarios.CognizantStockPriceDetails" name="getCognizantStockPriceTest" time="0.057"/>
  <system-out/>
  <testcase classname="com.Cognizant.TestScenarios.CognizantStockPriceDetails" name="getGoogleStockPriceTest" time="10.635"/>
  <system-out/>
  <testcase classname="com.Cognizant.TestScenarios.CognizantStockPriceDetails" name="captureNewWindowScreenTest" time="2.344"/>
  <system-out/>
  <testcase classname="com.Cognizant.TestScenarios.CognizantStockPriceDetails" name="compareStockPriceTest" time="0.023"/>
  <system-out/>
</testsuite> <!-- com.Cognizant.TestScenarios.CognizantStockPriceDetails -->
